2023-06-13 01:36:22,420 INFO o.a.j.u.JMeterUtils: Setting Locale to en_EN
2023-06-13 01:36:22,439 INFO o.a.j.JMeter: Loading user properties from: /opt/homebrew/Cellar/jmeter/5.5/libexec/bin/user.properties
2023-06-13 01:36:22,439 INFO o.a.j.JMeter: Loading system properties from: /opt/homebrew/Cellar/jmeter/5.5/libexec/bin/system.properties
2023-06-13 01:36:22,443 INFO o.a.j.JMeter: Copyright (c) 1998-2022 The Apache Software Foundation
2023-06-13 01:36:22,443 INFO o.a.j.JMeter: Version 5.5
2023-06-13 01:36:22,443 INFO o.a.j.JMeter: java.version=17.0.7
2023-06-13 01:36:22,443 INFO o.a.j.JMeter: java.vm.name=OpenJDK 64-Bit Server VM
2023-06-13 01:36:22,443 INFO o.a.j.JMeter: os.name=Mac OS X
2023-06-13 01:36:22,443 INFO o.a.j.JMeter: os.arch=aarch64
2023-06-13 01:36:22,443 INFO o.a.j.JMeter: os.version=13.3.1
2023-06-13 01:36:22,444 INFO o.a.j.JMeter: file.encoding=UTF-8
2023-06-13 01:36:22,444 INFO o.a.j.JMeter: java.awt.headless=null
2023-06-13 01:36:22,444 INFO o.a.j.JMeter: Max memory     =1073741824
2023-06-13 01:36:22,444 INFO o.a.j.JMeter: Available Processors =8
2023-06-13 01:36:22,449 INFO o.a.j.JMeter: Default Locale=English (EN)
2023-06-13 01:36:22,450 INFO o.a.j.JMeter: JMeter  Locale=English (EN)
2023-06-13 01:36:22,450 INFO o.a.j.JMeter: JMeterHome=/opt/homebrew/Cellar/jmeter/5.5/libexec
2023-06-13 01:36:22,450 INFO o.a.j.JMeter: user.dir  =/Users/zhetao/tiktok_assignment_2023/http-server
2023-06-13 01:36:22,450 INFO o.a.j.JMeter: PWD       =/Users/zhetao/tiktok_assignment_2023/http-server
2023-06-13 01:36:22,452 INFO o.a.j.JMeter: IP: 127.0.0.1 Name: MacBook-Pro-14.local FullName: localhost
2023-06-13 01:36:22,457 INFO o.a.j.JMeter: Loaded icon properties from org/apache/jmeter/images/icon.properties
2023-06-13 01:36:23,277 INFO o.a.j.JMeterGuiLauncher: Setting LAF to: com.github.weisj.darklaf.DarkLaf:com.github.weisj.darklaf.theme.DarculaTheme
2023-06-13 01:36:24,965 INFO o.j.r.JARSourceHTTP: Requesting https://jmeter-plugins.org/repo/?installID=mac_os_x-d2120e73f0c066b69d414d953fd96ddc-gui
2023-06-13 01:36:27,177 INFO o.j.r.PluginManager: Plugins Status: [jpgc-plugins-manager=1.7, jmeter-core=5.5, jmeter-ftp=5.5, jmeter-http=5.5, jmeter-jdbc=5.5, jmeter-jms=5.5, jmeter-junit=5.5, jmeter-java=5.5, jmeter-ldap=5.5, jmeter-mail=5.5, jmeter-mongodb=5.5, jmeter-native=5.5, jmeter-tcp=5.5, jmeter-components=5.5]
2023-06-13 01:36:27,177 INFO o.j.r.PluginManagerMenuItem: Plugins Manager has upgrades: [jpgc-plugins-manager]
2023-06-13 01:36:38,761 INFO o.a.j.e.StandardJMeterEngine: Running the test!
2023-06-13 01:36:38,762 INFO o.a.j.s.SampleEvent: List of sample_variables: []
2023-06-13 01:36:38,762 INFO o.a.j.s.SampleEvent: List of sample_variables: []
2023-06-13 01:36:38,763 INFO o.a.j.e.u.CompoundVariable: Note: Function class names must contain the string: '.functions.'
2023-06-13 01:36:38,763 INFO o.a.j.e.u.CompoundVariable: Note: Function class names must not contain the string: '.gui.'
2023-06-13 01:36:38,788 INFO o.a.j.g.u.JMeterMenuBar: setRunning(true, *local*)
2023-06-13 01:36:38,809 INFO o.a.j.e.StandardJMeterEngine: No enabled thread groups found
2023-06-13 01:36:38,809 INFO o.a.j.e.StandardJMeterEngine: Notifying test listeners of end of test
2023-06-13 01:36:38,810 INFO o.a.j.s.FileServer: Default base='/Users/zhetao/tiktok_assignment_2023/http-server'
2023-06-13 01:36:38,811 INFO o.a.j.g.u.JMeterMenuBar: setRunning(false, *local*)
2023-06-13 01:36:50,293 INFO o.a.j.e.StandardJMeterEngine: Running the test!
2023-06-13 01:36:50,293 INFO o.a.j.s.SampleEvent: List of sample_variables: []
2023-06-13 01:36:50,294 INFO o.a.j.g.u.JMeterMenuBar: setRunning(true, *local*)
2023-06-13 01:36:50,314 INFO o.a.j.e.StandardJMeterEngine: No enabled thread groups found
2023-06-13 01:36:50,314 INFO o.a.j.e.StandardJMeterEngine: Notifying test listeners of end of test
2023-06-13 01:36:50,314 INFO o.a.j.g.u.JMeterMenuBar: setRunning(false, *local*)
2023-06-13 01:40:27,408 INFO o.a.j.g.a.What: TestElement: class org.apache.jmeter.testelement.TestPlan, guiClassName: org.apache.jmeter.control.gui.TestPlanGui
